{
  "stats": {
    "suites": 6,
    "tests": 21,
    "passes": 21,
    "pending": 0,
    "failures": 0,
    "start": "2019-11-04T16:16:14.058Z",
    "end": "2019-11-04T16:16:16.779Z",
    "duration": 2721,
    "testsRegistered": 21,
    "passPercent": 100,
    "pendingPercent": 0,
    "other": 0,
    "hasOther": false,
    "skipped": 0,
    "hasSkipped": false
  },
  "results": [
    {
      "uuid": "89c6c9ec-421e-4c5c-a7fe-3eb9afe7e451",
      "title": "",
      "fullFile": "",
      "file": "",
      "beforeHooks": [
        {
          "title": "\"before all\" hook",
          "fullTitle": "\"before all\" hook",
          "timedOut": false,
          "duration": 1212,
          "state": null,
          "speed": null,
          "pass": false,
          "fail": false,
          "pending": false,
          "context": null,
          "code": "await shared_1.connectDB();\nserver = app_1.app.listen(0, host, () => {\n    shared_1.logger.info(`Node ${process.version}`);\n    const address = server.address();\n    if (address !== null && typeof address !== 'string') {\n        shared_1.logger.info(`Testserver läuft: http://${host}:${address.port}`);\n    }\n    server.emit('testServerStarted');\n});",
          "err": {},
          "uuid": "87288ca0-db1b-4c1e-bae1-ff851197ea73",
          "parentUUID": "89c6c9ec-421e-4c5c-a7fe-3eb9afe7e451",
          "isHook": true,
          "skipped": false
        }
      ],
      "afterHooks": [],
      "tests": [],
      "suites": [
        {
          "uuid": "ca630b79-b542-4e8b-8460-2cc61f39be7b",
          "title": "GET /spiele",
          "fullFile": "C:\\Users\\admin\\Documents\\SWE\\mean-spiele\\dist\\test\\spiel\\rest\\index.spec.js",
          "file": "\\dist\\test\\spiel\\rest\\index.spec.js",
          "beforeHooks": [],
          "afterHooks": [],
          "tests": [
            {
              "title": "Alle Spiele",
              "fullTitle": "GET /spiele Alle Spiele",
              "timedOut": false,
              "duration": 131,
              "state": "passed",
              "speed": "slow",
              "pass": true,
              "fail": false,
              "pending": false,
              "context": null,
              "code": "request(server)\n    .get(path)\n    // Assertion = Expectation\n    .expect(shared_1.HttpStatus.OK)\n    .expect('Content-Type', /json/u)\n    // Promise\n    .end((error, response) => {\n    if (error) {\n        return done(error);\n    }\n    // response.body ist ein JSON-Array mit mind. 1 JSON-Objekt\n    response.body.should.be.not.empty;\n    done();\n});",
              "err": {},
              "uuid": "1e3bf3a4-859a-43df-ae88-6a8631364e7c",
              "parentUUID": "ca630b79-b542-4e8b-8460-2cc61f39be7b",
              "isHook": false,
              "skipped": false
            }
          ],
          "suites": [],
          "passes": [
            "1e3bf3a4-859a-43df-ae88-6a8631364e7c"
          ],
          "failures": [],
          "pending": [],
          "skipped": [],
          "duration": 131,
          "root": false,
          "rootEmpty": false,
          "_timeout": 5000
        },
        {
          "uuid": "567e832a-d7cd-4ed4-8985-fc5512868a46",
          "title": "GET /spiele/:id",
          "fullFile": "C:\\Users\\admin\\Documents\\SWE\\mean-spiele\\dist\\test\\spiel\\rest\\index.spec.js",
          "file": "\\dist\\test\\spiel\\rest\\index.spec.js",
          "beforeHooks": [],
          "afterHooks": [],
          "tests": [
            {
              "title": "Spiel zu vorhandener ID",
              "fullTitle": "GET /spiele/:id Spiel zu vorhandener ID",
              "timedOut": false,
              "duration": 19,
              "state": "passed",
              "speed": "fast",
              "pass": true,
              "fail": false,
              "pending": false,
              "context": null,
              "code": "request(server)\n    .get(`${path}/${idGetVorhanden}`)\n    .expect(shared_1.HttpStatus.OK)\n    .expect('Content-Type', /json/u)\n    .end((error, response) => {\n    if (error) {\n        return done(error);\n    }\n    // response.body enthaelt ein JSON-Objekt mit Atom-Links\n    const selfLink = response.body._links.self.href;\n    // http://chaijs.com/plugins/chai-string\n    selfLink.should.endWith(idGetVorhanden);\n    done();\n});",
              "err": {},
              "uuid": "13eac732-3f86-478f-88b0-733c93223645",
              "parentUUID": "567e832a-d7cd-4ed4-8985-fc5512868a46",
              "isHook": false,
              "skipped": false
            },
            {
              "title": "Kein Spiel zu nicht-vorhandener ID",
              "fullTitle": "GET /spiele/:id Kein Spiel zu nicht-vorhandener ID",
              "timedOut": false,
              "duration": 12,
              "state": "passed",
              "speed": "fast",
              "pass": true,
              "fail": false,
              "pending": false,
              "context": null,
              "code": "request(server)\n    .get(`${path}/${idNichtVorhanden}`)\n    .expect(shared_1.HttpStatus.NOT_FOUND)\n    .end((error, response) => {\n    if (error) {\n        return done(error);\n    }\n    response.body.should.be.empty;\n    done();\n});",
              "err": {},
              "uuid": "1edd2728-13f0-4501-8c26-aa13b37d0246",
              "parentUUID": "567e832a-d7cd-4ed4-8985-fc5512868a46",
              "isHook": false,
              "skipped": false
            },
            {
              "title": "Spiel zu vorhandener ID mit ETag",
              "fullTitle": "GET /spiele/:id Spiel zu vorhandener ID mit ETag",
              "timedOut": false,
              "duration": 12,
              "state": "passed",
              "speed": "fast",
              "pass": true,
              "fail": false,
              "pending": false,
              "context": null,
              "code": "request(server)\n    .get(`${path}/${idGetVorhanden}`)\n    .set('If-None-Match', '\"0\"')\n    .expect(shared_1.HttpStatus.NOT_MODIFIED)\n    // eslint-disable-next-line @typescript-eslint/no-unused-vars\n    .end((error, _) => {\n    if (error) {\n        return done(error);\n    }\n    done();\n});",
              "err": {},
              "uuid": "f112a8ee-08cb-49de-b583-8eee7e4f32f0",
              "parentUUID": "567e832a-d7cd-4ed4-8985-fc5512868a46",
              "isHook": false,
              "skipped": false
            }
          ],
          "suites": [],
          "passes": [
            "13eac732-3f86-478f-88b0-733c93223645",
            "1edd2728-13f0-4501-8c26-aa13b37d0246",
            "f112a8ee-08cb-49de-b583-8eee7e4f32f0"
          ],
          "failures": [],
          "pending": [],
          "skipped": [],
          "duration": 43,
          "root": false,
          "rootEmpty": false,
          "_timeout": 5000
        },
        {
          "uuid": "432302a1-1d5a-455b-8397-7d5b43c4f2ac",
          "title": "GET /spiele?...",
          "fullFile": "C:\\Users\\admin\\Documents\\SWE\\mean-spiele\\dist\\test\\spiel\\rest\\index.spec.js",
          "file": "\\dist\\test\\spiel\\rest\\index.spec.js",
          "beforeHooks": [],
          "afterHooks": [],
          "tests": [
            {
              "title": "Spiele mit einem Titel, der ein \"e\" enthaelt",
              "fullTitle": "GET /spiele?... Spiele mit einem Titel, der ein \"e\" enthaelt",
              "timedOut": false,
              "duration": 19,
              "state": "passed",
              "speed": "fast",
              "pass": true,
              "fail": false,
              "pending": false,
              "context": null,
              "code": "const teilTitel = 'e';\nrequest(server)\n    .get(`${path}?titel=${teilTitel}`)\n    .expect(shared_1.HttpStatus.OK)\n    .expect('Content-Type', /json/u)\n    .end((error, response) => {\n    if (error) {\n        return done(error);\n    }\n    const { body } = response;\n    // response.body ist ein JSON-Array mit mind. 1 JSON-Objekt\n    body.should.be.not.empty;\n    // Jedes Spiel hat einen Titel mit dem Teilstring 'e'\n    // eslint-disable-next-line @typescript-eslint/no-explicit-any\n    body.map((spiel) => spiel.titel).forEach((titel) => titel.should.contain(teilTitel));\n    done();\n});",
              "err": {},
              "uuid": "b3dfa566-3b60-4474-8cdd-abedda5c2ebc",
              "parentUUID": "432302a1-1d5a-455b-8397-7d5b43c4f2ac",
              "isHook": false,
              "skipped": false
            },
            {
              "title": "Keine Spiele mit einem Titel, der \"XX\" enthaelt",
              "fullTitle": "GET /spiele?... Keine Spiele mit einem Titel, der \"XX\" enthaelt",
              "timedOut": false,
              "duration": 9,
              "state": "passed",
              "speed": "fast",
              "pass": true,
              "fail": false,
              "pending": false,
              "context": null,
              "code": "request(server)\n    .get(`${path}?titel=XX`)\n    .expect(shared_1.HttpStatus.NOT_FOUND)\n    .end((error, response) => {\n    if (error) {\n        return done(error);\n    }\n    response.body.should.be.empty;\n    done();\n});",
              "err": {},
              "uuid": "3d6c223d-86b4-4f99-a0b2-1a9923c622ab",
              "parentUUID": "432302a1-1d5a-455b-8397-7d5b43c4f2ac",
              "isHook": false,
              "skipped": false
            },
            {
              "title": "Mind. 1 Spiel mit dem Schlagwort \"SOLO\"",
              "fullTitle": "GET /spiele?... Mind. 1 Spiel mit dem Schlagwort \"SOLO\"",
              "timedOut": false,
              "duration": 14,
              "state": "passed",
              "speed": "fast",
              "pass": true,
              "fail": false,
              "pending": false,
              "context": null,
              "code": "const schlagwort = 'solo';\nrequest(server)\n    .get(`${path}?${schlagwort}=true`)\n    .expect(shared_1.HttpStatus.OK)\n    .expect('Content-Type', /json/u)\n    .end((error, response) => {\n    if (error) {\n        return done(error);\n    }\n    const { body } = response;\n    // response.body ist ein JSON-Array mit mind. 1 JSON-Objekt\n    body.should.be.not.empty;\n    // Jedes Spiel hat im Array der Schlagwoerter \"solo\"\n    // eslint-disable-next-line @typescript-eslint/no-explicit-any\n    body.map((spiel) => spiel.schlagwoerter).forEach((s) => s.should.contain(`${schlagwort.toUpperCase()}`));\n    done();\n});",
              "err": {},
              "uuid": "767322eb-2ad5-4421-a2f3-d8268b82c85a",
              "parentUUID": "432302a1-1d5a-455b-8397-7d5b43c4f2ac",
              "isHook": false,
              "skipped": false
            },
            {
              "title": "Min 1 Spiel mit dem Schlagwort \"TEAM\"",
              "fullTitle": "GET /spiele?... Min 1 Spiel mit dem Schlagwort \"TEAM\"",
              "timedOut": false,
              "duration": 16,
              "state": "passed",
              "speed": "fast",
              "pass": true,
              "fail": false,
              "pending": false,
              "context": null,
              "code": "const schlagwort = 'team';\nrequest(server)\n    .get(`${path}?team=true`)\n    .expect(shared_1.HttpStatus.OK)\n    .expect('Content-Type', /json/u)\n    .end((error, response) => {\n    if (error) {\n        return done(error);\n    }\n    const { body } = response;\n    body.should.be.not.empty;\n    body.map((spiel) => spiel.schlagwoerter).forEach((s) => s.should.contain(`${schlagwort.toUpperCase()}`));\n    done();\n});",
              "err": {},
              "uuid": "3d0f3d37-8a89-472c-b103-d3b43b473732",
              "parentUUID": "432302a1-1d5a-455b-8397-7d5b43c4f2ac",
              "isHook": false,
              "skipped": false
            }
          ],
          "suites": [],
          "passes": [
            "b3dfa566-3b60-4474-8cdd-abedda5c2ebc",
            "3d6c223d-86b4-4f99-a0b2-1a9923c622ab",
            "767322eb-2ad5-4421-a2f3-d8268b82c85a",
            "3d0f3d37-8a89-472c-b103-d3b43b473732"
          ],
          "failures": [],
          "pending": [],
          "skipped": [],
          "duration": 58,
          "root": false,
          "rootEmpty": false,
          "_timeout": 5000
        },
        {
          "uuid": "92db9282-00d9-45e8-92f2-e06388dbc328",
          "title": "POST /spiele",
          "fullFile": "C:\\Users\\admin\\Documents\\SWE\\mean-spiele\\dist\\test\\spiel\\rest\\index.spec.js",
          "file": "\\dist\\test\\spiel\\rest\\index.spec.js",
          "beforeHooks": [
            {
              "title": "\"before all\" hook",
              "fullTitle": "POST /spiele \"before all\" hook",
              "timedOut": false,
              "duration": 354,
              "state": null,
              "speed": null,
              "pass": false,
              "fail": false,
              "pending": false,
              "context": null,
              "code": "request(server)\n    .post(`${loginPath}`)\n    .set('Content-type', 'application/x-www-form-urlencoded')\n    .send(loginDaten)\n    .expect(shared_1.HttpStatus.OK)\n    // Promise\n    .end((error, response) => {\n    if (error) {\n        return done(error);\n    }\n    ({ token } = response.body);\n    token.should.be.not.empty;\n    // synchroner Before-Hook\n    done();\n});",
              "err": {},
              "uuid": "a3e8065e-56a4-4f18-bb18-637287fc27c3",
              "parentUUID": "92db9282-00d9-45e8-92f2-e06388dbc328",
              "isHook": true,
              "skipped": false
            }
          ],
          "afterHooks": [],
          "tests": [
            {
              "title": "Neues Spiel",
              "fullTitle": "POST /spiele Neues Spiel",
              "timedOut": false,
              "duration": 33,
              "state": "passed",
              "speed": "fast",
              "pass": true,
              "fail": false,
              "pending": false,
              "context": null,
              "code": "request(server)\n    .post(path)\n    .set('Authorization', `Bearer ${token}`)\n    .send(neuesSpiel)\n    .expect(shared_1.HttpStatus.CREATED)\n    .end((error, response) => {\n    if (error) {\n        return done(error);\n    }\n    const { location } = response.header;\n    location.should.be.not.empty;\n    // UUID: Muster von HEX-Ziffern\n    const indexLastSlash = location.lastIndexOf('/');\n    const idStr = location.substring(indexLastSlash + 1);\n    idStr.should.match(\n    /* eslint-disable-next-line max-len */\n    /[\\dA-Fa-f]{8}-[\\dA-Fa-f]{4}-[\\dA-Fa-f]{4}-[\\dA-Fa-f]{4}-[\\dA-Fa-f]{12}/u);\n    done();\n});",
              "err": {},
              "uuid": "9a63ebc4-68a2-4ddb-868d-a7b767fc5257",
              "parentUUID": "92db9282-00d9-45e8-92f2-e06388dbc328",
              "isHook": false,
              "skipped": false
            },
            {
              "title": "Neues Spiel mit ungueltigen Daten",
              "fullTitle": "POST /spiele Neues Spiel mit ungueltigen Daten",
              "timedOut": false,
              "duration": 10,
              "state": "passed",
              "speed": "fast",
              "pass": true,
              "fail": false,
              "pending": false,
              "context": null,
              "code": "request(server)\n    .post(path)\n    .set('Authorization', `Bearer ${token}`)\n    .send(neuesSpielInvalid)\n    .expect(shared_1.HttpStatus.BAD_REQUEST)\n    .end((error, response) => {\n    if (error) {\n        return done(error);\n    }\n    const { body } = response;\n    body.art.should.be.equal('Die Art eines Spieles muss BRETT oder KARTEN sein.');\n    body.rating.should.endWith('ist keine gueltige Bewertung.');\n    body.verlag.should.be.equal('Der Verlag eines Spieles muss RAVENSBURGER oder SCHMIDT sein.');\n    done();\n});",
              "err": {},
              "uuid": "0cb75490-1732-418a-90c0-7d6b3c775310",
              "parentUUID": "92db9282-00d9-45e8-92f2-e06388dbc328",
              "isHook": false,
              "skipped": false
            },
            {
              "title": "Neues Spiel, aber der Titel existiert bereits",
              "fullTitle": "POST /spiele Neues Spiel, aber der Titel existiert bereits",
              "timedOut": false,
              "duration": 11,
              "state": "passed",
              "speed": "fast",
              "pass": true,
              "fail": false,
              "pending": false,
              "context": null,
              "code": "request(server)\n    .post(path)\n    .set('Authorization', `Bearer ${token}`)\n    .send(neuesSpielTitelExistiert)\n    .expect(shared_1.HttpStatus.BAD_REQUEST)\n    .end((error, response) => {\n    if (error) {\n        return done(error);\n    }\n    response.text.should.contain('Verlag');\n    done();\n});",
              "err": {},
              "uuid": "6b8cb75a-00c6-4682-8c0f-ed5ac570048d",
              "parentUUID": "92db9282-00d9-45e8-92f2-e06388dbc328",
              "isHook": false,
              "skipped": false
            },
            {
              "title": "Neues Spiel, aber ohne Token",
              "fullTitle": "POST /spiele Neues Spiel, aber ohne Token",
              "timedOut": false,
              "duration": 13,
              "state": "passed",
              "speed": "fast",
              "pass": true,
              "fail": false,
              "pending": false,
              "context": null,
              "code": "request(server)\n    .post(path)\n    .send(neuesSpiel)\n    .expect(shared_1.HttpStatus.UNAUTHORIZED)\n    .end((error, response) => {\n    if (error) {\n        return done(error);\n    }\n    response.body.should.be.empty;\n    done();\n});",
              "err": {},
              "uuid": "6b5d5f8b-3dc3-4381-bbca-a2b062e9bda0",
              "parentUUID": "92db9282-00d9-45e8-92f2-e06388dbc328",
              "isHook": false,
              "skipped": false
            },
            {
              "title": "Neues Spiel, aber mit falschem Token",
              "fullTitle": "POST /spiele Neues Spiel, aber mit falschem Token",
              "timedOut": false,
              "duration": 10,
              "state": "passed",
              "speed": "fast",
              "pass": true,
              "fail": false,
              "pending": false,
              "context": null,
              "code": "request(server)\n    .post(path)\n    .set('Authorization', 'Bearer x')\n    .send(neuesSpiel)\n    .expect(shared_1.HttpStatus.UNAUTHORIZED)\n    .end((error, response) => {\n    if (error) {\n        return done(error);\n    }\n    response.body.should.be.empty;\n    done();\n});",
              "err": {},
              "uuid": "f716fe80-489a-4d20-af2a-0ba6ccd356c1",
              "parentUUID": "92db9282-00d9-45e8-92f2-e06388dbc328",
              "isHook": false,
              "skipped": false
            }
          ],
          "suites": [],
          "passes": [
            "9a63ebc4-68a2-4ddb-868d-a7b767fc5257",
            "0cb75490-1732-418a-90c0-7d6b3c775310",
            "6b8cb75a-00c6-4682-8c0f-ed5ac570048d",
            "6b5d5f8b-3dc3-4381-bbca-a2b062e9bda0",
            "f716fe80-489a-4d20-af2a-0ba6ccd356c1"
          ],
          "failures": [],
          "pending": [],
          "skipped": [],
          "duration": 77,
          "root": false,
          "rootEmpty": false,
          "_timeout": 5000
        },
        {
          "uuid": "9fe5f293-b6a8-4a4a-b407-889e7cd32ac3",
          "title": "PUT /spiele/:id",
          "fullFile": "C:\\Users\\admin\\Documents\\SWE\\mean-spiele\\dist\\test\\spiel\\rest\\index.spec.js",
          "file": "\\dist\\test\\spiel\\rest\\index.spec.js",
          "beforeHooks": [
            {
              "title": "\"before all\" hook",
              "fullTitle": "PUT /spiele/:id \"before all\" hook",
              "timedOut": false,
              "duration": 325,
              "state": null,
              "speed": null,
              "pass": false,
              "fail": false,
              "pending": false,
              "context": null,
              "code": "request(server)\n    .post(`${loginPath}`)\n    .set('Content-type', 'application/x-www-form-urlencoded')\n    .send(loginDaten)\n    .expect(shared_1.HttpStatus.OK)\n    .end((error, response) => {\n    if (error) {\n        return done(error);\n    }\n    ({ token } = response.body);\n    token.should.be.not.empty;\n    done();\n});",
              "err": {},
              "uuid": "768bcd3a-9539-4aeb-a374-d7d81dec8217",
              "parentUUID": "9fe5f293-b6a8-4a4a-b407-889e7cd32ac3",
              "isHook": true,
              "skipped": false
            }
          ],
          "afterHooks": [],
          "tests": [
            {
              "title": "Vorhandenes Spiel aendern",
              "fullTitle": "PUT /spiele/:id Vorhandenes Spiel aendern",
              "timedOut": false,
              "duration": 10,
              "state": "passed",
              "speed": "fast",
              "pass": true,
              "fail": false,
              "pending": false,
              "context": null,
              "code": "request(server)\n    .put(`${path}/${idPutVorhanden}`)\n    .set('Authorization', `Bearer ${token}`)\n    .set('If-Match', '\"0\"')\n    .send(geaendertesSpiel)\n    .expect(shared_1.HttpStatus.BAD_REQUEST)\n    .end((error) => {\n    if (error) {\n        return done(error);\n    }\n    //response.body.should.be.empty;\n    done();\n});",
              "err": {},
              "uuid": "bd984152-e1dc-455b-b8e7-9c652eb6a1cb",
              "parentUUID": "9fe5f293-b6a8-4a4a-b407-889e7cd32ac3",
              "isHook": false,
              "skipped": false
            },
            {
              "title": "Nicht-vorhandenes Spiel aendern",
              "fullTitle": "PUT /spiele/:id Nicht-vorhandenes Spiel aendern",
              "timedOut": false,
              "duration": 15,
              "state": "passed",
              "speed": "fast",
              "pass": true,
              "fail": false,
              "pending": false,
              "context": null,
              "code": "request(server)\n    .put(`${path}/${idPutNichtVorhanden}`)\n    .set('Authorization', `Bearer ${token}`)\n    .set('If-Match', '\"0\"')\n    .send(geaendertesSpielIdNichtVorhanden)\n    .expect(shared_1.HttpStatus.PRECONDITION_FAILED)\n    .end(error => {\n    if (error) {\n        return done(error);\n    }\n    done();\n});",
              "err": {},
              "uuid": "ea8e964d-2fed-424f-97ee-d81c3361f54a",
              "parentUUID": "9fe5f293-b6a8-4a4a-b407-889e7cd32ac3",
              "isHook": false,
              "skipped": false
            },
            {
              "title": "Vorhandenes Spiel aendern, aber mit ungueltigen Daten",
              "fullTitle": "PUT /spiele/:id Vorhandenes Spiel aendern, aber mit ungueltigen Daten",
              "timedOut": false,
              "duration": 12,
              "state": "passed",
              "speed": "fast",
              "pass": true,
              "fail": false,
              "pending": false,
              "context": null,
              "code": "request(server)\n    .put(`${path}/${idPutVorhanden}`)\n    .set('Authorization', `Bearer ${token}`)\n    .set('If-Match', '\"0\"')\n    .send(geaendertesSpielInvalid)\n    .expect(shared_1.HttpStatus.BAD_REQUEST)\n    .end((error, response) => {\n    if (error) {\n        return done(error);\n    }\n    const { body } = response;\n    body.art.should.be.equal('Die Art eines Spieles muss BRETT oder KARTEN sein.');\n    body.rating.should.endWith('ist keine gueltige Bewertung.');\n    body.verlag.should.be.equal('Der Verlag eines Spieles muss RAVENSBURGER oder SCHMIDT sein.');\n    done();\n});",
              "err": {},
              "uuid": "84a09acc-33df-4f03-81ba-55f6bd1aac38",
              "parentUUID": "9fe5f293-b6a8-4a4a-b407-889e7cd32ac3",
              "isHook": false,
              "skipped": false
            },
            {
              "title": "Vorhandenes Spiel aendern, aber ohne Token",
              "fullTitle": "PUT /spiele/:id Vorhandenes Spiel aendern, aber ohne Token",
              "timedOut": false,
              "duration": 14,
              "state": "passed",
              "speed": "fast",
              "pass": true,
              "fail": false,
              "pending": false,
              "context": null,
              "code": "request(server)\n    .put(`${path}/${idPutVorhanden}`)\n    .set('If-Match', '\"0\"')\n    .send(geaendertesSpiel)\n    .expect(shared_1.HttpStatus.UNAUTHORIZED)\n    .end((error, response) => {\n    if (error) {\n        return done(error);\n    }\n    response.body.should.be.empty;\n    done();\n});",
              "err": {},
              "uuid": "f69585b5-9bc6-4ff5-a7cf-a572ca0768b1",
              "parentUUID": "9fe5f293-b6a8-4a4a-b407-889e7cd32ac3",
              "isHook": false,
              "skipped": false
            },
            {
              "title": "Vorhandenes Spiel aendern, aber mit falschem Token",
              "fullTitle": "PUT /spiele/:id Vorhandenes Spiel aendern, aber mit falschem Token",
              "timedOut": false,
              "duration": 8,
              "state": "passed",
              "speed": "fast",
              "pass": true,
              "fail": false,
              "pending": false,
              "context": null,
              "code": "request(server)\n    .put(`${path}/${idPutVorhanden}`)\n    .set('Authorization', 'Bearer x')\n    .set('If-Match', '\"0\"')\n    .send(geaendertesSpiel)\n    .expect(shared_1.HttpStatus.UNAUTHORIZED)\n    .end((error, response) => {\n    if (error) {\n        return done(error);\n    }\n    response.body.should.be.empty;\n    done();\n});",
              "err": {},
              "uuid": "3b60464b-adff-4990-a4b1-8a01e5e9a564",
              "parentUUID": "9fe5f293-b6a8-4a4a-b407-889e7cd32ac3",
              "isHook": false,
              "skipped": false
            }
          ],
          "suites": [],
          "passes": [
            "bd984152-e1dc-455b-b8e7-9c652eb6a1cb",
            "ea8e964d-2fed-424f-97ee-d81c3361f54a",
            "84a09acc-33df-4f03-81ba-55f6bd1aac38",
            "f69585b5-9bc6-4ff5-a7cf-a572ca0768b1",
            "3b60464b-adff-4990-a4b1-8a01e5e9a564"
          ],
          "failures": [],
          "pending": [],
          "skipped": [],
          "duration": 59,
          "root": false,
          "rootEmpty": false,
          "_timeout": 5000
        },
        {
          "uuid": "6747cd15-9e73-49c9-917b-6ea082f6c1f9",
          "title": "DELETE /spiele",
          "fullFile": "C:\\Users\\admin\\Documents\\SWE\\mean-spiele\\dist\\test\\spiel\\rest\\index.spec.js",
          "file": "\\dist\\test\\spiel\\rest\\index.spec.js",
          "beforeHooks": [
            {
              "title": "\"before all\" hook",
              "fullTitle": "DELETE /spiele \"before all\" hook",
              "timedOut": false,
              "duration": 324,
              "state": null,
              "speed": null,
              "pass": false,
              "fail": false,
              "pending": false,
              "context": null,
              "code": "request(server)\n    .post(`${loginPath}`)\n    .set('Content-type', 'application/x-www-form-urlencoded')\n    .send(loginDaten)\n    .expect(shared_1.HttpStatus.OK)\n    .end((error, response) => {\n    if (error) {\n        return done(error);\n    }\n    ({ token } = response.body);\n    token.should.be.not.empty;\n    done();\n});",
              "err": {},
              "uuid": "1954e887-77a6-456a-874b-cfd0ff1e5567",
              "parentUUID": "6747cd15-9e73-49c9-917b-6ea082f6c1f9",
              "isHook": true,
              "skipped": false
            }
          ],
          "afterHooks": [],
          "tests": [
            {
              "title": "Vorhandenes Spiel loeschen",
              "fullTitle": "DELETE /spiele Vorhandenes Spiel loeschen",
              "timedOut": false,
              "duration": 10,
              "state": "passed",
              "speed": "fast",
              "pass": true,
              "fail": false,
              "pending": false,
              "context": null,
              "code": "request(server)\n    .delete(`${path}/${idDeleteVorhanden}`)\n    .set('Authorization', `Bearer ${token}`)\n    .expect(shared_1.HttpStatus.NO_CONTENT)\n    .end((error, response) => {\n    if (error) {\n        return done(error);\n    }\n    response.body.should.be.empty;\n    done();\n});",
              "err": {},
              "uuid": "2702cd56-c8fe-4509-a92c-8772ce0734bc",
              "parentUUID": "6747cd15-9e73-49c9-917b-6ea082f6c1f9",
              "isHook": false,
              "skipped": false
            },
            {
              "title": "Spiel loeschen, aber ohne Token",
              "fullTitle": "DELETE /spiele Spiel loeschen, aber ohne Token",
              "timedOut": false,
              "duration": 6,
              "state": "passed",
              "speed": "fast",
              "pass": true,
              "fail": false,
              "pending": false,
              "context": null,
              "code": "request(server)\n    .delete(`${path}/${idDeleteVorhanden}`)\n    .expect(shared_1.HttpStatus.UNAUTHORIZED)\n    .end((error, response) => {\n    if (error) {\n        return done(error);\n    }\n    response.body.should.be.empty;\n    done();\n});",
              "err": {},
              "uuid": "84436d55-fd87-41cc-b5aa-bb219b83d206",
              "parentUUID": "6747cd15-9e73-49c9-917b-6ea082f6c1f9",
              "isHook": false,
              "skipped": false
            },
            {
              "title": "Spiel loeschen, aber mit falschem Token",
              "fullTitle": "DELETE /spiele Spiel loeschen, aber mit falschem Token",
              "timedOut": false,
              "duration": 9,
              "state": "passed",
              "speed": "fast",
              "pass": true,
              "fail": false,
              "pending": false,
              "context": null,
              "code": "request(server)\n    .delete(`${path}/${idDeleteVorhanden}`)\n    .set('Authorization', 'Bearer x')\n    .expect(shared_1.HttpStatus.UNAUTHORIZED)\n    .end((error, response) => {\n    if (error) {\n        return done(error);\n    }\n    response.body.should.be.empty;\n    done();\n});",
              "err": {},
              "uuid": "654fd916-1189-4a33-95d7-59be20414369",
              "parentUUID": "6747cd15-9e73-49c9-917b-6ea082f6c1f9",
              "isHook": false,
              "skipped": false
            }
          ],
          "suites": [],
          "passes": [
            "2702cd56-c8fe-4509-a92c-8772ce0734bc",
            "84436d55-fd87-41cc-b5aa-bb219b83d206",
            "654fd916-1189-4a33-95d7-59be20414369"
          ],
          "failures": [],
          "pending": [],
          "skipped": [],
          "duration": 25,
          "root": false,
          "rootEmpty": false,
          "_timeout": 5000
        }
      ],
      "passes": [],
      "failures": [],
      "pending": [],
      "skipped": [],
      "duration": 0,
      "root": true,
      "rootEmpty": true,
      "_timeout": 5000
    }
  ],
  "meta": {
    "mocha": {
      "version": "6.2.1"
    },
    "mochawesome": {
      "options": {
        "quiet": false,
        "reportFilename": "mochawesome",
        "saveHtml": true,
        "saveJson": true,
        "consoleReporter": "spec",
        "useInlineDiffs": false
      },
      "version": "4.1.0"
    },
    "marge": {
      "options": null,
      "version": "4.0.1"
    }
  }
}